<?xml version="1.0" encoding="UTF-8"?>
<!-- Generated by org.testng.reporters.JUnitReportReporter -->
<testsuite hostname="Shanti-Windows-Laptop" failures="0" tests="3" name="SalesforceAutomation.SFUserMenuTCs" time="125.628" errors="0" timestamp="2024-02-20T22:41:52 PST" skipped="0">
  <testcase classname="SalesforceAutomation.SFUserMenuTCs" name="TC09_UM" time="50.582"/>
  <system-out/>
  <testcase classname="SalesforceAutomation.SFUserMenuTCs" name="TC05_UM" time="13.674"/>
  <system-out/>
  <testcase classname="SalesforceAutomation.SFUserMenuTCs" name="TC08_UM" time="61.372"/>
  <system-out/>
</testsuite> <!-- SalesforceAutomation.SFUserMenuTCs -->
